  test.cpp
E:\cs202\Road-Crossing\object.h(53,8): warning C4244: '=': conversion from 'int' to 'float', possible loss of data
E:\cs202\Road-Crossing\object.h(54,8): warning C4244: '=': conversion from 'int' to 'float', possible loss of data
E:\cs202\Road-Crossing\object.h(91,18): warning C4244: '=': conversion from 'int' to 'float', possible loss of data
E:\cs202\Road-Crossing\object.h(100,21): warning C4244: '=': conversion from 'T' to 'float', possible loss of data
          with
          [
              T=unsigned int
          ]
E:\cs202\Road-Crossing\object.h(188,8): warning C4244: '=': conversion from 'int' to 'float', possible loss of data
E:\cs202\Road-Crossing\object.h(189,8): warning C4244: '=': conversion from 'int' to 'float', possible loss of data
E:\cs202\Road-Crossing\test.cpp(35,37): warning C4244: 'argument': conversion from 'T' to 'float', possible loss of data
          with
          [
              T=unsigned int
          ]
E:\cs202\Road-Crossing\test.cpp(35,25): warning C4244: 'argument': conversion from 'T' to 'float', possible loss of data
          with
          [
              T=unsigned int
          ]
Release\player.obj : warning LNK4042: object specified more than once; extras ignored
  Generating code
  2 of 145 functions ( 1.4%) were compiled, the rest were copied from previous compilation.
    0 functions were new in current compilation
    0 functions had inline decision re-evaluated but remain unchanged
  Finished generating code
  Road-Crossing.vcxproj -> E:\cs202\Road-Crossing\Release\Road-Crossing.exe
